[debug] [2024-11-28T08:08:52.245Z] ----------------------------------------------------------------------
[debug] [2024-11-28T08:08:52.248Z] Command:       C:\Program Files\nodejs\node.exe C:\Program Files\nodejs\node_modules\firebase-tools\lib\bin\firebase.js init
[debug] [2024-11-28T08:08:52.249Z] CLI Version:   12.2.1
[debug] [2024-11-28T08:08:52.249Z] Platform:      win32
[debug] [2024-11-28T08:08:52.249Z] Node Version:  v20.11.0
[debug] [2024-11-28T08:08:52.249Z] Time:          Thu Nov 28 2024 16:08:52 GMT+0800 (Central Indonesia Time)
[debug] [2024-11-28T08:08:52.249Z] ----------------------------------------------------------------------
[debug] 
[debug] [2024-11-28T08:08:52.256Z] > command requires scopes: ["email","openid","https://www.googleapis.com/auth/cloudplatformprojects.readonly","https://www.googleapis.com/auth/firebase","https://www.googleapis.com/auth/cloud-platform"]
[debug] [2024-11-28T08:08:52.257Z] > authorizing via signed-in user (admin@klinikmatahasanuddin.com)
[info] 
     ######## #### ########  ######## ########     ###     ######  ########
     ##        ##  ##     ## ##       ##     ##  ##   ##  ##       ##
     ######    ##  ########  ######   ########  #########  ######  ######
     ##        ##  ##    ##  ##       ##     ## ##     ##       ## ##
     ##       #### ##     ## ######## ########  ##     ##  ######  ########

You're about to initialize a Firebase project in this directory:

  C:\_Wokr\hijrdev\mato-apps\v2\hec-sim

Before we get started, keep in mind:

  * You are currently outside your home directory

[info] 
=== Project Setup
[info] 
[info] First, let's associate this project directory with a Firebase project.
[info] You can create multiple project aliases by running firebase use --add, 
[info] but for now we'll just set up a default project.
[info] 
[debug] [2024-11-28T08:12:46.113Z] >>> [apiv2][query] GET https://firebase.googleapis.com/v1beta1/projects pageSize=100
[debug] [2024-11-28T08:12:47.590Z] <<< [apiv2][status] GET https://firebase.googleapis.com/v1beta1/projects 200
[debug] [2024-11-28T08:12:47.590Z] <<< [apiv2][body] GET https://firebase.googleapis.com/v1beta1/projects [omitted]
[info] i  Using project hecapp-db9ee (hecapp) 
[info] 
=== Hosting Setup
[info] 
[info] Your public directory is the folder (relative to your project directory) that
[info] will contain Hosting assets to be uploaded with firebase deploy. If you
[info] have a build process for your assets, use your build's output directory.
[info] 
